<?xml version="1.0" encoding="UTF-8"?>
<!-- Generated by org.testng.reporters.JUnitReportReporter -->
<testsuite hostname="SreeNivas" failures="0" tests="1" name="testCase.TC002_Login" time="1.474" errors="0" timestamp="2025-03-27T14:50:19 IST" skipped="0">
  <testcase classname="testCase.TC002_Login" name="validateLogin" time="1.474"/>
</testsuite> <!-- testCase.TC002_Login -->
