<?xml version="1.0" encoding="UTF-8"?>
<!-- Generated by org.testng.reporters.JUnitReportReporter -->
<testsuite hostname="SreeNivas" failures="0" tests="1" name="testCase.TC001_AccRegistration" time="2.618" errors="0" timestamp="2025-03-27T14:01:13 IST" skipped="0">
  <testcase classname="testCase.TC001_AccRegistration" name="acc_registration" time="2.618"/>
</testsuite> <!-- testCase.TC001_AccRegistration -->
