<?xml version="1.0" encoding="UTF-8"?>
<!-- Generated by org.testng.reporters.JUnitReportReporter -->
<testsuite hostname="SreeNivas" failures="0" tests="1" name="testCase.TC002_Login" time="2.269" errors="0" timestamp="2025-04-03T15:30:58 IST" skipped="0">
  <testcase classname="testCase.TC002_Login" name="validateLogin" time="2.269"/>
</testsuite> <!-- testCase.TC002_Login -->
